0 info it worked if it ends with ok
1 verbose cli [ '/usr/bin/node', '/usr/bin/npm', 'install', '-g', 'less' ]
2 info using npm@1.4.28
3 info using node@v0.10.39
4 verbose node symlink /usr/bin/node
5 verbose cache add [ 'less', null ]
6 verbose cache add name=undefined spec="less" args=["less",null]
7 verbose parsed url { protocol: null,
7 verbose parsed url   slashes: null,
7 verbose parsed url   auth: null,
7 verbose parsed url   host: null,
7 verbose parsed url   port: null,
7 verbose parsed url   hostname: null,
7 verbose parsed url   hash: null,
7 verbose parsed url   search: null,
7 verbose parsed url   query: null,
7 verbose parsed url   pathname: 'less',
7 verbose parsed url   path: 'less',
7 verbose parsed url   href: 'less' }
8 silly lockFile 0b439cf4-less less
9 verbose lock less /home/daniel/.npm/0b439cf4-less.lock
10 silly lockFile 0b439cf4-less less
11 silly lockFile 0b439cf4-less less
12 verbose addNamed [ 'less', '' ]
13 verbose addNamed [ null, '*' ]
14 silly lockFile e13833ab-less less@
15 verbose lock less@ /home/daniel/.npm/e13833ab-less.lock
16 silly addNameRange { name: 'less', range: '*', hasData: false }
17 verbose request where is /less
18 verbose request registry https://registry.npmjs.org/
19 verbose request id 6c7ee1d25075d36a
20 verbose url raw /less
21 verbose url resolving [ 'https://registry.npmjs.org/', './less' ]
22 verbose url resolved https://registry.npmjs.org/less
23 verbose request where is https://registry.npmjs.org/less
24 info trying registry request attempt 1 at 12:05:35
25 verbose etag "2M38KXA3EK1X8O5JL5D6P6E3T"
26 http GET https://registry.npmjs.org/less
27 http 200 https://registry.npmjs.org/less
28 silly registry.get cb [ 200,
28 silly registry.get   { server: 'CouchDB/1.5.0 (Erlang OTP/R16B03)',
28 silly registry.get     etag: '"1NX5PTHAEXUNROA3X2E3X8VY4"',
28 silly registry.get     'content-type': 'application/json',
28 silly registry.get     'cache-control': 'max-age=60',
28 silly registry.get     'content-length': '93578',
28 silly registry.get     'accept-ranges': 'bytes',
28 silly registry.get     date: 'Thu, 09 Jul 2015 09:05:39 GMT',
28 silly registry.get     via: '1.1 varnish',
28 silly registry.get     age: '0',
28 silly registry.get     connection: 'keep-alive',
28 silly registry.get     'x-served-by': 'cache-lcy1121-LCY',
28 silly registry.get     'x-cache': 'HIT',
28 silly registry.get     'x-cache-hits': '1',
28 silly registry.get     'x-timer': 'S1436432739.206961,VS0,VE393',
28 silly registry.get     vary: 'Accept' } ]
29 silly addNameRange number 2 { name: 'less', range: '*', hasData: true }
30 silly addNameRange versions [ 'less',
30 silly addNameRange   [ '1.0.10',
30 silly addNameRange     '1.0.11',
30 silly addNameRange     '1.0.14',
30 silly addNameRange     '1.0.18',
30 silly addNameRange     '1.0.19',
30 silly addNameRange     '1.0.21',
30 silly addNameRange     '1.0.32',
30 silly addNameRange     '1.0.36',
30 silly addNameRange     '1.0.5',
30 silly addNameRange     '1.0.40',
30 silly addNameRange     '1.0.41',
30 silly addNameRange     '1.0.44',
30 silly addNameRange     '1.1.0',
30 silly addNameRange     '1.1.1',
30 silly addNameRange     '1.1.2',
30 silly addNameRange     '1.1.4',
30 silly addNameRange     '1.1.5',
30 silly addNameRange     '1.1.6',
30 silly addNameRange     '1.2.0',
30 silly addNameRange     '1.2.1',
30 silly addNameRange     '1.2.2',
30 silly addNameRange     '1.3.0',
30 silly addNameRange     '1.3.1',
30 silly addNameRange     '1.3.2',
30 silly addNameRange     '1.3.3',
30 silly addNameRange     '1.4.0-b1',
30 silly addNameRange     '1.4.0-b2',
30 silly addNameRange     '1.4.0-b3',
30 silly addNameRange     '1.4.0-b4',
30 silly addNameRange     '1.4.0',
30 silly addNameRange     '1.4.1',
30 silly addNameRange     '1.4.2',
30 silly addNameRange     '1.5.0-b1',
30 silly addNameRange     '1.5.0-b2',
30 silly addNameRange     '1.5.0-b3',
30 silly addNameRange     '1.5.0-b4',
30 silly addNameRange     '1.5.0',
30 silly addNameRange     '1.5.1',
30 silly addNameRange     '1.6.0',
30 silly addNameRange     '1.6.1',
30 silly addNameRange     '1.6.2',
30 silly addNameRange     '1.6.3',
30 silly addNameRange     '1.7.0',
30 silly addNameRange     '1.7.1',
30 silly addNameRange     '1.7.3',
30 silly addNameRange     '1.7.4',
30 silly addNameRange     '1.7.5',
30 silly addNameRange     '2.0.0-b1',
30 silly addNameRange     '2.0.0-b2',
30 silly addNameRange     '2.0.0-b3',
30 silly addNameRange     '2.0.0',
30 silly addNameRange     '2.1.0',
30 silly addNameRange     '2.1.1',
30 silly addNameRange     '2.1.2',
30 silly addNameRange     '2.2.0',
30 silly addNameRange     '2.3.0',
30 silly addNameRange     '2.3.1',
30 silly addNameRange     '2.4.0',
30 silly addNameRange     '2.5.0',
30 silly addNameRange     '2.5.1' ] ]
31 verbose addNamed [ 'less', '2.5.1' ]
32 verbose addNamed [ '2.5.1', '2.5.1' ]
33 silly lockFile 1cb10dbf-less-2-5-1 less@2.5.1
34 verbose lock less@2.5.1 /home/daniel/.npm/1cb10dbf-less-2-5-1.lock
35 silly lockFile 367817fe-ry-npmjs-org-less-less-2-5-1-tgz https://registry.npmjs.org/less/-/less-2.5.1.tgz
36 verbose lock https://registry.npmjs.org/less/-/less-2.5.1.tgz /home/daniel/.npm/367817fe-ry-npmjs-org-less-less-2-5-1-tgz.lock
37 verbose addRemoteTarball [ 'https://registry.npmjs.org/less/-/less-2.5.1.tgz',
37 verbose addRemoteTarball   '8b489cc01d021e49360fd5ae03581896e722b726' ]
38 info retry fetch attempt 1 at 12:05:41
39 verbose fetch to= /tmp/npm-8145-TblwBkMK/registry.npmjs.org/less/-/less-2.5.1.tgz
40 http GET https://registry.npmjs.org/less/-/less-2.5.1.tgz
41 http 200 https://registry.npmjs.org/less/-/less-2.5.1.tgz
42 silly lockFile 367817fe-ry-npmjs-org-less-less-2-5-1-tgz https://registry.npmjs.org/less/-/less-2.5.1.tgz
43 silly lockFile 367817fe-ry-npmjs-org-less-less-2-5-1-tgz https://registry.npmjs.org/less/-/less-2.5.1.tgz
44 silly lockFile 1cb10dbf-less-2-5-1 less@2.5.1
45 silly lockFile 1cb10dbf-less-2-5-1 less@2.5.1
46 silly lockFile e13833ab-less less@
47 silly lockFile e13833ab-less less@
48 silly resolved [ { name: 'less',
48 silly resolved     version: '2.5.1',
48 silly resolved     description: 'Leaner CSS',
48 silly resolved     homepage: 'http://lesscss.org',
48 silly resolved     author: { name: 'Alexis Sellier', email: 'self@cloudhead.net' },
48 silly resolved     contributors: [ [Object] ],
48 silly resolved     bugs: { url: 'https://github.com/less/less.js/issues' },
48 silly resolved     repository: { type: 'git', url: 'https://github.com/less/less.js.git' },
48 silly resolved     license: 'Apache-2.0',
48 silly resolved     bin: { lessc: './bin/lessc' },
48 silly resolved     main: 'index',
48 silly resolved     directories: { test: './test' },
48 silly resolved     jam: { main: './dist/less.js' },
48 silly resolved     browser: './dist/less.js',
48 silly resolved     engines: { node: '>=0.10.0' },
48 silly resolved     scripts: { test: 'grunt test' },
48 silly resolved     optionalDependencies:
48 silly resolved      { errno: '^0.1.1',
48 silly resolved        'graceful-fs': '^3.0.5',
48 silly resolved        'image-size': '~0.3.5',
48 silly resolved        mime: '^1.2.11',
48 silly resolved        mkdirp: '^0.5.0',
48 silly resolved        promise: '^6.0.1',
48 silly resolved        request: '^2.51.0',
48 silly resolved        'source-map': '^0.4.2' },
48 silly resolved     devDependencies:
48 silly resolved      { diff: '^1.0',
48 silly resolved        grunt: '^0.4.5',
48 silly resolved        'grunt-contrib-clean': '^0.6.0',
48 silly resolved        'grunt-contrib-concat': '^0.5.0',
48 silly resolved        'grunt-contrib-connect': '^0.9.0',
48 silly resolved        'grunt-contrib-jasmine': '^0.8.2',
48 silly resolved        'grunt-contrib-jshint': '^0.11.0',
48 silly resolved        'grunt-contrib-uglify': '^0.8.0',
48 silly resolved        'grunt-jscs': '^1.6.0',
48 silly resolved        'grunt-shell': '^1.1.1',
48 silly resolved        'grunt-browserify': '~3.5.0',
48 silly resolved        'jit-grunt': '^0.9.1',
48 silly resolved        'time-grunt': '^1.0.0',
48 silly resolved        'grunt-saucelabs': '^8.3.2' },
48 silly resolved     keywords:
48 silly resolved      [ 'compile less',
48 silly resolved        'css nesting',
48 silly resolved        'css variable',
48 silly resolved        'css',
48 silly resolved        'gradients css',
48 silly resolved        'gradients css3',
48 silly resolved        'less compiler',
48 silly resolved        'less css',
48 silly resolved        'less mixins',
48 silly resolved        'less',
48 silly resolved        'less.js',
48 silly resolved        'lesscss',
48 silly resolved        'mixins',
48 silly resolved        'nested css',
48 silly resolved        'parser',
48 silly resolved        'preprocessor',
48 silly resolved        'bootstrap css',
48 silly resolved        'bootstrap less',
48 silly resolved        'style',
48 silly resolved        'styles',
48 silly resolved        'stylesheet',
48 silly resolved        'variables in css',
48 silly resolved        'css less' ],
48 silly resolved     gitHead: '59c012c16a71eca2fd9f354b8db8fffaa5e14d6d',
48 silly resolved     dependencies:
48 silly resolved      { errno: '^0.1.1',
48 silly resolved        'graceful-fs': '^3.0.5',
48 silly resolved        'image-size': '~0.3.5',
48 silly resolved        mime: '^1.2.11',
48 silly resolved        mkdirp: '^0.5.0',
48 silly resolved        promise: '^6.0.1',
48 silly resolved        request: '^2.51.0',
48 silly resolved        'source-map': '^0.4.2' },
48 silly resolved     _id: 'less@2.5.1',
48 silly resolved     _shasum: '8b489cc01d021e49360fd5ae03581896e722b726',
48 silly resolved     _from: 'less@',
48 silly resolved     _npmVersion: '2.7.4',
48 silly resolved     _nodeVersion: '0.12.2',
48 silly resolved     _npmUser: { name: 'agatronic', email: 'luke.a.page@gmail.com' },
48 silly resolved     dist:
48 silly resolved      { shasum: '8b489cc01d021e49360fd5ae03581896e722b726',
48 silly resolved        tarball: 'http://registry.npmjs.org/less/-/less-2.5.1.tgz' },
48 silly resolved     maintainers: [ [Object], [Object] ],
48 silly resolved     _resolved: 'https://registry.npmjs.org/less/-/less-2.5.1.tgz' } ]
49 info install less@2.5.1 into /usr/lib
50 info installOne less@2.5.1
51 verbose lib/node_modules/less unbuild
52 verbose tar unpack /home/daniel/.npm/less/2.5.1/package.tgz
53 silly lockFile c07f1dd4-tar-usr-lib-node-modules-less tar:///usr/lib/node_modules/less
54 verbose lock tar:///usr/lib/node_modules/less /home/daniel/.npm/c07f1dd4-tar-usr-lib-node-modules-less.lock
55 silly lockFile 9722caa1-aniel-npm-less-2-5-1-package-tgz tar:///home/daniel/.npm/less/2.5.1/package.tgz
56 verbose lock tar:///home/daniel/.npm/less/2.5.1/package.tgz /home/daniel/.npm/9722caa1-aniel-npm-less-2-5-1-package-tgz.lock
57 silly gunzTarPerm modes [ '775', '664' ]
58 error Error: EACCES, mkdir '/usr/lib/node_modules/less'
58 error  { [Error: EACCES, mkdir '/usr/lib/node_modules/less']
58 error   errno: 3,
58 error   code: 'EACCES',
58 error   path: '/usr/lib/node_modules/less',
58 error   fstream_type: 'Directory',
58 error   fstream_path: '/usr/lib/node_modules/less',
58 error   fstream_class: 'DirWriter',
58 error   fstream_stack:
58 error    [ '/usr/lib/node_modules/npm/node_modules/fstream/lib/dir-writer.js:36:23',
58 error      '/usr/lib/node_modules/npm/node_modules/mkdirp/index.js:46:53',
58 error      'Object.oncomplete (fs.js:108:15)' ] }
59 error Please try running this command again as root/Administrator.
60 error System Linux 3.13.0-55-generic
61 error command "/usr/bin/node" "/usr/bin/npm" "install" "-g" "less"
62 error cwd /home/daniel/DannyMbaluka/css/less
63 error node -v v0.10.39
64 error npm -v 1.4.28
65 error path /usr/lib/node_modules/less
66 error fstream_path /usr/lib/node_modules/less
67 error fstream_type Directory
68 error fstream_class DirWriter
69 error code EACCES
70 error errno 3
71 error stack Error: EACCES, mkdir '/usr/lib/node_modules/less'
72 error fstream_stack /usr/lib/node_modules/npm/node_modules/fstream/lib/dir-writer.js:36:23
72 error fstream_stack /usr/lib/node_modules/npm/node_modules/mkdirp/index.js:46:53
72 error fstream_stack Object.oncomplete (fs.js:108:15)
73 verbose exit [ 3, true ]
